<?xml version="1.0" encoding="UTF-8"?>
<!-- Generated by org.testng.reporters.JUnitXMLReporter -->
<testsuite ignored="0" hostname="Balaji-PC" failures="0" tests="2" name="Modify Leads - Chrome" time="32.363" errors="0" timestamp="2022-11-19T12:40:18 IST">
  <testcase classname="com.leaftaps.leads.ui.cases.CreateLeadTest" name="runCreateLead" time="10.745"/>
  <testcase classname="com.leaftaps.leads.ui.cases.CreateLeadTest" name="runCreateLead" time="10.506"/>
</testsuite> <!-- Modify Leads - Chrome -->
