<?xml version="1.0" encoding="UTF-8"?>
<testng-results ignored="0" total="2" passed="2" failed="0" skipped="0">
  <reporter-output>
  </reporter-output>
  <suite started-at="2022-11-19T12:39:46 IST" name="Suite" finished-at="2022-11-19T12:40:18 IST" duration-ms="32363">
    <groups>
    </groups>
    <test started-at="2022-11-19T12:39:46 IST" name="Modify Leads - Chrome" finished-at="2022-11-19T12:40:18 IST" duration-ms="32363">
      <class name="com.leaftaps.leads.ui.cases.CreateLeadTest">
        <test-method is-config="true" signature="setData()[pri:0, instance:com.leaftaps.leads.ui.cases.CreateLeadTest@198b6731]" started-at="2022-11-19T12:39:46 IST" name="setData" finished-at="2022-11-19T12:39:46 IST" duration-ms="28" status="PASS">
          <reporter-output>
          </reporter-output>
        </test-method> <!-- setData -->
        <test-method is-config="true" signature="bm(java.lang.String,java.lang.String)[pri:0, instance:com.leaftaps.leads.ui.cases.CreateLeadTest@198b6731]" started-at="2022-11-19T12:39:48 IST" name="bm" finished-at="2022-11-19T12:39:53 IST" duration-ms="5543" status="PASS">
          <params>
            <param index="0">
              <value>
                <![CDATA[http://leaftaps.com/opentaps/]]>
              </value>
            </param>
            <param index="1">
              <value>
                <![CDATA[chrome]]>
              </value>
            </param>
          </params>
          <reporter-output>
          </reporter-output>
        </test-method> <!-- bm -->
        <test-method signature="runCreateLead(java.lang.String,java.lang.String,java.lang.String,java.lang.String,java.lang.String)[pri:0, instance:com.leaftaps.leads.ui.cases.CreateLeadTest@198b6731]" started-at="2022-11-19T12:39:53 IST" name="runCreateLead" data-provider="testData" finished-at="2022-11-19T12:40:04 IST" duration-ms="10745" status="PASS">
          <params>
            <param index="0">
              <value>
                <![CDATA[Demosalesmanager]]>
              </value>
            </param>
            <param index="1">
              <value>
                <![CDATA[crmsfa]]>
              </value>
            </param>
            <param index="2">
              <value>
                <![CDATA[TL]]>
              </value>
            </param>
            <param index="3">
              <value>
                <![CDATA[Hari]]>
              </value>
            </param>
            <param index="4">
              <value>
                <![CDATA[R]]>
              </value>
            </param>
          </params>
          <reporter-output>
          </reporter-output>
        </test-method> <!-- runCreateLead -->
        <test-method is-config="true" signature="am()[pri:0, instance:com.leaftaps.leads.ui.cases.CreateLeadTest@198b6731]" started-at="2022-11-19T12:40:04 IST" name="am" finished-at="2022-11-19T12:40:04 IST" duration-ms="430" status="PASS">
          <reporter-output>
          </reporter-output>
        </test-method> <!-- am -->
        <test-method is-config="true" signature="bm(java.lang.String,java.lang.String)[pri:0, instance:com.leaftaps.leads.ui.cases.CreateLeadTest@198b6731]" started-at="2022-11-19T12:40:04 IST" name="bm" finished-at="2022-11-19T12:40:07 IST" duration-ms="2875" status="PASS">
          <params>
            <param index="0">
              <value>
                <![CDATA[http://leaftaps.com/opentaps/]]>
              </value>
            </param>
            <param index="1">
              <value>
                <![CDATA[chrome]]>
              </value>
            </param>
          </params>
          <reporter-output>
          </reporter-output>
        </test-method> <!-- bm -->
        <test-method signature="runCreateLead(java.lang.String,java.lang.String,java.lang.String,java.lang.String,java.lang.String)[pri:0, instance:com.leaftaps.leads.ui.cases.CreateLeadTest@198b6731]" started-at="2022-11-19T12:40:07 IST" name="runCreateLead" data-provider="testData" finished-at="2022-11-19T12:40:18 IST" duration-ms="10506" status="PASS">
          <params>
            <param index="0">
              <value>
                <![CDATA[Demosalesmanager]]>
              </value>
            </param>
            <param index="1">
              <value>
                <![CDATA[crmsfa]]>
              </value>
            </param>
            <param index="2">
              <value>
                <![CDATA[TL]]>
              </value>
            </param>
            <param index="3">
              <value>
                <![CDATA[Babu]]>
              </value>
            </param>
            <param index="4">
              <value>
                <![CDATA[M]]>
              </value>
            </param>
          </params>
          <reporter-output>
          </reporter-output>
        </test-method> <!-- runCreateLead -->
        <test-method is-config="true" signature="am()[pri:0, instance:com.leaftaps.leads.ui.cases.CreateLeadTest@198b6731]" started-at="2022-11-19T12:40:18 IST" name="am" finished-at="2022-11-19T12:40:18 IST" duration-ms="409" status="PASS">
          <reporter-output>
          </reporter-output>
        </test-method> <!-- am -->
      </class> <!-- com.leaftaps.leads.ui.cases.CreateLeadTest -->
    </test> <!-- Modify Leads - Chrome -->
  </suite> <!-- Suite -->
</testng-results>
